<?xml version="1.0" encoding="utf-8"?><testsuites><testsuite name="pytest" errors="0" failures="1" skipped="1" tests="3" time="0.147" timestamp="2026-01-08T09:23:18.074207" hostname="ubunturacing"><testcase classname="handshake_pkg.test.test_copyright" name="test_copyright" time="0.000"><skipped type="pytest.skip" message="No copyright header has been placed in the generated source file.">/home/townperson/Documents/TraineeSoftwareModule/CheckpointWS/src/handshake_pkg/test/test_copyright.py:20: No copyright header has been placed in the generated source file.</skipped></testcase><testcase classname="handshake_pkg.test.test_flake8" name="test_flake8" time="0.064"><failure message="AssertionError: Found 1 code style errors / warnings:&#10;  ./build/handshake_pkg/prefix_override/sitecustomize.py:4:100: E501 line too long (138 &gt; 99 characters)&#10;assert 1 == 0">test/test_flake8.py:23: in test_flake8
    assert rc == 0, \
E   AssertionError: Found 1 code style errors / warnings:
E     ./build/handshake_pkg/prefix_override/sitecustomize.py:4:100: E501 line too long (138 &gt; 99 characters)
E   assert 1 == 0</failure></testcase><testcase classname="handshake_pkg.test.test_pep257" name="test_pep257" time="0.027" /></testsuite></testsuites>